[2013-06-23 15:19:09] START
[2013-06-23 15:29:58] EDIT witter/models/db.py: 5
[2013-06-23 15:59:39] EDIT witter/controllers/default.py: 3
[2013-06-23 16:01:56] EDIT witter/models/db.py: 1
[2013-06-23 16:02:45] EDIT witter/models/db.py: 0
[2013-06-23 16:03:07] EDIT witter/models/db.py: 0
[2013-06-23 16:04:01] EDIT witter/controllers/default.py: 0
[2013-06-23 16:04:05] EDIT witter/models/db.py: 0
[2013-06-23 16:05:06] EDIT witter/models/db.py: 0
[2013-06-23 16:28:38] EDIT witter/controllers/default.py: -1
[2013-06-23 16:31:45] EDIT witter/models/db.py: 1
[2013-06-23 16:31:51] EDIT witter/models/db.py: 0
[2013-06-23 16:35:32] EDIT witter/controllers/default.py: 1
[2013-06-23 16:37:50] CREATE default/home.html: 0
[2013-06-23 16:39:40] EDIT witter/controllers/default.py: 0
[2013-06-23 16:39:59] EDIT witter/models/db.py: 0
[2013-06-23 16:40:50] EDIT witter/controllers/default.py: 0
[2013-06-23 16:47:50] EDIT witter/models/menu.py: -109
[2013-06-23 17:14:23] EDIT witter/views/default/home.html: 6
[2013-06-23 17:15:18] EDIT witter/models/db.py: 1
[2013-06-23 17:38:55] EDIT witter/controllers/default.py: 9
[2013-06-23 17:39:10] EDIT witter/controllers/default.py: -1
[2013-06-23 17:39:48] CREATE default/wall.html: 0
[2013-06-23 17:40:05] EDIT witter/views/default/wall.html: 7
[2013-06-23 17:48:27] EDIT witter/controllers/default.py: 12
[2013-06-23 17:48:45] CREATE default/search.html: 0
[2013-06-23 17:53:16] EDIT witter/views/default/search.html: 9
[2013-06-23 17:56:03] EDIT witter/controllers/default.py: 8
[2013-06-23 17:57:17] EDIT witter/controllers/default.py: 0
[2013-06-23 17:59:02] EDIT witter/controllers/default.py: 0
[2013-06-23 18:04:01] EDIT witter/views/default/search.html: 0
[2013-06-23 18:04:23] EDIT witter/views/default/search.html: 0
[2013-06-23 18:09:24] EDIT witter/views/default/search.html: 0
[2013-06-23 18:09:27] EDIT witter/controllers/default.py: 0
[2013-06-23 18:10:04] EDIT witter/controllers/default.py: 0
[2013-06-23 18:11:07] EDIT witter/controllers/default.py: 0
[2013-06-23 18:12:23] EDIT witter/controllers/default.py: 0
[2013-06-23 18:13:51] EDIT witter/controllers/default.py: 0
[2013-06-23 18:16:09] EDIT witter/controllers/default.py: 0
[2013-06-23 18:17:22] EDIT witter/controllers/default.py: 3
[2013-06-23 18:21:56] EDIT witter/controllers/default.py: 0
[2013-06-23 18:22:30] EDIT witter/views/default/search.html: -1
[2013-06-23 18:24:49] EDIT witter/controllers/default.py: 0
[2013-06-23 18:26:51] EDIT witter/controllers/default.py: 1
[2013-06-23 18:27:49] EDIT witter/controllers/default.py: -11
[2013-06-23 18:27:59] EDIT witter/controllers/default.py: 0
[2013-06-23 18:28:09] EDIT witter/views/default/search.html: 0
[2013-06-23 18:29:49] EDIT witter/views/default/wall.html: 5
[2013-06-23 18:30:23] EDIT witter/views/default/wall.html: 0
[2013-06-23 18:30:44] EDIT witter/views/default/wall.html: 0
[2013-06-23 18:39:33] EDIT witter/views/default/wall.html: 0
[2013-06-23 18:39:54] EDIT witter/controllers/default.py: 0
[2013-06-23 18:41:53] EDIT witter/controllers/default.py: 18
[2013-06-23 18:42:13] EDIT witter/controllers/default.py: 0
[2013-06-23 18:44:10] EDIT witter/controllers/default.py: -8
[2013-06-23 18:45:17] EDIT witter/views/default/wall.html: 0
[2013-06-23 18:45:35] EDIT witter/views/default/wall.html: 0
[2013-06-23 18:48:05] EDIT witter/views/default/wall.html: 0
[2013-06-23 18:48:29] EDIT witter/controllers/default.py: 0
[2013-06-23 18:49:30] EDIT witter/controllers/default.py: 0
[2013-06-23 18:50:27] EDIT witter/controllers/default.py: 0
[2013-06-23 18:50:57] EDIT witter/controllers/default.py: 0
[2013-06-23 18:51:27] EDIT witter/controllers/default.py: 0
[2013-06-23 18:55:35] EDIT witter/controllers/default.py: 0
[2013-06-23 18:56:43] EDIT witter/controllers/default.py: 0
[2013-06-23 18:57:31] EDIT witter/controllers/default.py: 1
[2013-06-23 18:59:40] EDIT witter/controllers/default.py: 0
[2013-06-23 19:00:31] EDIT witter/controllers/default.py: -1
[2013-06-23 19:02:37] EDIT witter/controllers/default.py: 0
[2013-06-23 19:02:44] EDIT witter/controllers/default.py: 0
[2013-06-23 19:03:58] EDIT witter/controllers/default.py: 0
[2013-06-23 19:05:39] EDIT witter/controllers/default.py: 1
[2013-06-23 19:06:31] EDIT witter/controllers/default.py: 0
[2013-06-23 19:08:06] EDIT witter/controllers/default.py: 1
[2013-06-23 21:19:46] EDIT witter/views/default/wall.html: 2
[2013-06-23 21:22:17] EDIT witter/controllers/default.py: 1
[2013-06-23 21:23:28] EDIT witter/controllers/default.py: 1
[2013-06-23 21:23:57] EDIT witter/controllers/default.py: 0
[2013-06-23 21:24:12] EDIT witter/controllers/default.py: 0
[2013-06-23 21:24:36] EDIT witter/controllers/default.py: 0
[2013-06-23 21:25:00] EDIT witter/controllers/default.py: 0
[2013-06-23 21:26:46] EDIT witter/models/menu.py: -1
[2013-06-23 21:31:13] EDIT witter/controllers/default.py: -1
[2013-06-23 21:33:21] EDIT witter/controllers/default.py: 3
[2013-06-23 21:34:09] EDIT witter/controllers/default.py: 0
[2013-06-23 21:34:17] EDIT witter/controllers/default.py: 0
[2013-06-23 21:35:04] EDIT witter/views/default/home.html: 0
[2013-06-23 21:35:28] EDIT witter/controllers/default.py: 1
[2013-06-23 21:35:37] EDIT witter/controllers/default.py: 0
[2013-06-23 21:36:32] EDIT witter/views/default/wall.html: 0
[2013-06-23 21:40:10] EDIT witter/controllers/default.py: 2
[2013-06-23 21:43:37] EDIT witter/models/db.py: 0
[2013-06-23 21:50:46] EDIT witter/models/db.py: 0
[2013-06-23 21:52:51] EDIT witter/models/db.py: 0
[2013-06-24 20:42:44] EDIT witter/models/db.py: 1
[2013-06-24 20:50:10] EDIT witter/controllers/default.py: 0
[2013-06-25 21:37:47] EDIT witter/views/default/wall.html: 1
[2013-06-25 21:41:07] EDIT witter/views/default/wall.html: 2
[2013-06-25 21:41:43] EDIT witter/controllers/default.py: 12
[2013-06-25 21:42:20] EDIT witter/controllers/default.py: 0
[2013-06-25 21:42:36] EDIT witter/controllers/default.py: 0
[2013-06-25 21:43:14] EDIT witter/controllers/default.py: 2
[2013-06-25 21:43:26] EDIT witter/controllers/default.py: -2
[2013-06-25 21:44:23] EDIT witter/controllers/default.py: 0
[2013-06-25 21:44:59] EDIT witter/controllers/default.py: 0
[2013-06-25 21:49:39] EDIT witter/views/default/wall.html: -3
[2013-06-25 21:50:53] EDIT witter/controllers/default.py: -11
[2013-06-25 21:51:15] EDIT witter/views/default/wall.html: 0
[2013-06-25 21:51:42] EDIT witter/views/default/wall.html: 0
[2013-06-25 22:09:23] EDIT witter/controllers/default.py: 0
[2013-06-25 22:09:53] EDIT witter/controllers/default.py: 0
[2013-06-25 22:11:21] EDIT witter/views/default/search.html: 0
[2013-06-25 22:16:29] EDIT witter/controllers/default.py: 0
[2013-06-25 22:17:39] EDIT witter/views/default/search.html: 0
[2013-06-25 22:19:10] EDIT witter/controllers/default.py: 1
[2013-06-25 22:22:33] EDIT witter/views/default/search.html: 5
[2013-06-25 22:23:51] EDIT witter/views/default/search.html: 0
[2013-06-25 22:24:52] EDIT witter/views/default/search.html: 0
[2013-06-25 22:26:04] EDIT witter/views/default/search.html: 0
[2013-06-25 22:27:03] EDIT witter/views/default/search.html: 0
[2013-06-25 22:29:18] EDIT witter/views/default/search.html: 3
[2013-06-25 22:29:28] EDIT witter/views/default/search.html: 1
[2013-06-25 22:33:06] EDIT witter/views/default/search.html: 0
[2013-06-25 22:38:31] EDIT witter/views/default/search.html: 2
[2013-06-25 22:41:00] EDIT witter/views/default/search.html: 0
[2013-06-25 22:41:10] EDIT witter/views/default/search.html: 0
[2013-06-25 22:47:36] EDIT witter/controllers/default.py: -6
[2013-06-25 22:48:16] EDIT witter/views/default/search.html: -4
[2013-06-25 22:48:41] EDIT witter/views/default/wall.html: -7
[2013-06-25 23:17:06] EDIT witter/controllers/default.py: 0
[2013-06-29 11:28:10] EDIT witter/controllers/default.py: -1
[2013-06-29 14:28:06] EDIT witter/views/default/search.html: 16
[2013-06-29 14:29:48] EDIT witter/views/default/search.html: -15
[2013-06-29 14:30:37] EDIT witter/views/default/search.html: 0
[2013-06-29 14:30:56] EDIT witter/views/default/search.html: 15
[2013-06-29 14:31:30] EDIT witter/views/default/search.html: -1
[2013-06-29 14:31:48] EDIT witter/views/default/search.html: 0
[2013-06-29 14:32:09] EDIT witter/views/default/search.html: 1
[2013-06-29 14:32:34] EDIT witter/views/default/search.html: 0
[2013-06-29 14:32:48] EDIT witter/views/default/search.html: 0
[2013-06-29 14:34:20] EDIT witter/views/default/search.html: 0
[2013-06-29 14:35:05] EDIT witter/views/default/search.html: 1
[2013-06-29 14:35:18] EDIT witter/views/default/search.html: 0
[2013-06-29 14:36:20] EDIT witter/views/default/search.html: 0
[2013-06-29 14:36:38] EDIT witter/views/default/search.html: 0
[2013-06-29 14:36:42] EDIT witter/views/default/search.html: 0
[2013-06-29 16:27:40] EDIT witter/views/default/search.html: -15
